SF:lib/features/home/external_interface/book_collection_gateway.dart
DA:11,2
DA:13,2
DA:16,1
DA:18,2
DA:21,2
DA:23,4
DA:25,2
DA:26,2
DA:35,1
DA:36,1
DA:40,3
DA:46,1
DA:49,1
DA:50,1
LF:14
LH:14
end_of_record
SF:lib/features/home/models/book_model.dart
DA:4,12
DA:11,2
DA:12,2
DA:14,2
DA:15,2
DA:17,2
DA:18,4
DA:19,2
DA:20,4
DA:22,2
DA:26,2
DA:27,2
DA:28,2
DA:30,2
DA:39,12
DA:41,0
DA:44,0
DA:45,0
DA:46,0
DA:47,0
DA:48,0
DA:50,1
DA:51,5
DA:55,13
DA:63,1
DA:66,3
DA:67,3
DA:68,3
DA:70,0
DA:71,0
LF:30
LH:22
end_of_record
SF:lib/core/book/book_success_response.dart
DA:4,11
LF:1
LH:1
end_of_record
SF:lib/features/details/models/book_details_model.dart
DA:10,11
DA:17,10
DA:23,2
DA:24,2
DA:26,2
DA:27,2
DA:29,4
DA:31,2
DA:34,2
DA:35,2
DA:36,2
DA:41,1
DA:43,4
DA:45,3
DA:48,6
DA:49,6
DA:50,0
DA:51,0
DA:52,0
DA:54,1
DA:55,5
LF:21
LH:18
end_of_record
SF:lib/features/details/models/book_ratings_model.dart
DA:24,11
DA:31,10
DA:37,2
DA:38,2
DA:40,4
DA:41,4
DA:43,2
DA:44,2
DA:45,8
DA:48,2
DA:49,2
DA:50,2
DA:55,1
DA:57,4
DA:59,2
DA:62,3
DA:63,3
DA:64,0
DA:65,0
DA:66,0
DA:68,1
DA:70,5
LF:22
LH:19
end_of_record
SF:lib/core/book/book_request.dart
DA:4,2
LF:1
LH:1
end_of_record
SF:lib/core/book/book_external_interface.dart
DA:9,2
DA:11,4
DA:15,1
DA:17,1
DA:18,1
DA:19,2
DA:20,1
DA:21,1
DA:24,1
DA:26,2
DA:31,1
DA:33,1
LF:12
LH:12
end_of_record
SF:lib/features/home/domain/home_entity.dart
DA:8,14
DA:19,1
DA:21,4
DA:24,3
DA:30,3
DA:31,3
DA:32,1
DA:33,3
LF:8
LH:8
end_of_record
SF:lib/features/home/domain/home_ui_output.dart
DA:7,4
DA:17,3
DA:18,12
LF:3
LH:3
end_of_record
SF:lib/features/home/domain/home_use_case.dart
DA:8,4
DA:9,4
DA:11,4
DA:12,4
DA:16,2
DA:18,6
DA:21,2
DA:22,2
DA:23,2
DA:24,4
DA:25,2
DA:30,1
DA:31,2
DA:39,3
DA:45,0
DA:52,3
DA:54,3
DA:55,3
DA:56,3
DA:57,3
LF:20
LH:19
end_of_record
SF:lib/providers.dart
DA:10,12
DA:14,12
DA:18,3
DA:20,1
DA:21,1
DA:22,1
DA:23,1
DA:27,3
DA:29,2
DA:32,2
DA:33,3
DA:35,2
DA:36,3
LF:13
LH:13
end_of_record
SF:lib/features/details/domain/details_entity.dart
DA:11,3
DA:12,6
DA:16,5
DA:25,13
DA:37,1
DA:38,5
DA:40,3
DA:47,3
DA:48,2
DA:49,2
DA:50,3
DA:51,3
LF:12
LH:12
end_of_record
SF:lib/features/details/domain/details_ui_output.dart
DA:8,4
DA:18,3
DA:19,12
LF:3
LH:3
end_of_record
SF:lib/features/details/domain/details_use_case.dart
DA:9,4
DA:10,4
DA:12,8
DA:15,2
DA:16,2
DA:17,2
DA:18,2
DA:19,4
DA:20,2
DA:24,1
DA:25,2
DA:28,2
DA:29,2
DA:30,2
DA:31,4
DA:32,2
DA:36,1
DA:37,2
DA:44,3
DA:47,9
DA:49,3
DA:50,3
DA:51,3
LF:23
LH:23
end_of_record
SF:lib/features/details/external_interface/book_details_gateway.dart
DA:9,2
DA:11,4
DA:14,1
DA:16,2
DA:19,2
DA:21,2
DA:22,4
DA:28,3
DA:32,1
DA:33,2
DA:37,3
DA:43,2
DA:47,1
DA:48,2
LF:14
LH:14
end_of_record
SF:lib/features/details/external_interface/book_ratings_gateway.dart
DA:9,2
DA:11,4
DA:14,1
DA:16,2
DA:19,2
DA:21,2
DA:22,4
DA:28,3
DA:32,1
DA:33,2
DA:37,3
DA:43,2
DA:47,1
DA:48,2
LF:14
LH:14
end_of_record
SF:lib/features/home/presentation/home_presenter.dart
DA:14,3
DA:17,6
DA:19,2
DA:21,2
DA:24,2
DA:26,2
DA:27,2
DA:28,2
DA:29,2
DA:30,4
DA:31,4
DA:35,2
DA:37,2
DA:38,1
DA:40,2
DA:41,1
DA:42,1
DA:43,2
DA:44,0
DA:46,0
LF:20
LH:18
end_of_record
SF:lib/features/home/presentation/home_view_model.dart
DA:8,3
DA:23,2
DA:25,8
LF:3
LH:3
end_of_record
SF:lib/components/book_grid_tile.dart
DA:11,2
DA:18,2
DA:20,2
DA:22,4
DA:24,2
DA:26,2
DA:27,6
DA:29,2
DA:30,4
DA:32,2
DA:33,6
DA:36,2
DA:38,2
DA:39,2
DA:41,2
DA:42,4
DA:43,2
DA:44,6
DA:50,2
DA:52,2
DA:54,2
DA:57,2
DA:58,2
DA:59,2
DA:60,4
DA:61,2
DA:63,4
DA:66,2
DA:67,3
DA:68,3
DA:69,2
LF:31
LH:31
end_of_record
SF:lib/components/loading_failed_message.dart
DA:6,2
DA:10,2
DA:12,2
DA:14,4
DA:16,2
DA:17,2
DA:19,2
DA:22,2
DA:23,2
DA:24,0
DA:26,2
DA:30,2
DA:31,2
DA:32,2
LF:14
LH:13
end_of_record
SF:lib/features/home/presentation/home_ui.dart
DA:12,2
DA:16,2
DA:18,2
DA:21,2
DA:24,2
DA:26,2
DA:27,2
DA:29,2
DA:30,2
DA:31,2
DA:39,4
DA:40,2
DA:41,4
DA:43,2
DA:49,2
DA:50,2
DA:51,2
DA:52,3
LF:18
LH:18
end_of_record
SF:lib/routing/routes.dart
DA:17,1
DA:19,1
DA:20,1
DA:21,1
DA:23,2
DA:24,1
DA:25,1
DA:27,1
DA:28,1
DA:29,2
DA:30,2
LF:11
LH:11
end_of_record
SF:lib/components/section/impl/description_section.dart
DA:8,2
DA:12,2
DA:14,2
DA:16,4
DA:18,2
DA:19,1
DA:20,2
DA:22,2
DA:23,4
DA:24,1
DA:26,1
DA:27,2
LF:12
LH:12
end_of_record
SF:lib/components/section/section.dart
DA:4,2
DA:13,2
DA:15,4
DA:17,2
DA:19,2
DA:20,6
DA:23,2
LF:7
LH:7
end_of_record
SF:lib/components/section/impl/ratings_section.dart
DA:11,2
DA:22,2
DA:24,2
DA:26,4
DA:28,2
DA:29,1
DA:30,2
DA:31,2
DA:32,2
DA:35,2
DA:36,2
DA:38,2
DA:39,2
DA:42,4
DA:46,2
DA:47,2
DA:48,2
DA:49,4
DA:50,4
DA:52,2
DA:59,2
DA:61,2
DA:62,2
DA:63,2
LF:24
LH:24
end_of_record
SF:lib/features/details/presentation/details_presenter.dart
DA:13,3
DA:17,6
DA:21,2
DA:23,4
DA:26,2
DA:31,2
DA:32,4
DA:33,4
DA:34,4
DA:35,4
DA:36,4
DA:37,4
DA:38,4
DA:39,4
DA:40,0
LF:15
LH:14
end_of_record
SF:lib/features/details/presentation/details_view_model.dart
DA:8,3
DA:32,2
DA:34,2
DA:35,2
DA:36,2
DA:37,2
DA:38,2
DA:39,2
DA:40,2
LF:9
LH:9
end_of_record
SF:lib/features/details/presentation/details_ui.dart
DA:16,2
DA:25,2
DA:27,4
DA:30,2
DA:32,2
DA:34,4
DA:36,4
DA:39,4
DA:42,2
DA:44,2
DA:45,1
DA:46,1
DA:49,2
DA:51,2
DA:52,2
DA:53,2
DA:54,2
DA:58,2
DA:59,2
DA:60,2
DA:61,2
DA:64,4
DA:69,2
DA:70,2
DA:71,3
DA:75,2
DA:77,2
DA:78,2
DA:79,2
DA:80,2
DA:81,2
DA:82,2
DA:86,2
DA:87,2
DA:88,2
DA:89,2
DA:90,2
DA:96,2
DA:97,2
DA:98,2
DA:100,2
DA:101,2
DA:102,2
DA:103,2
DA:104,2
DA:108,4
DA:112,2
DA:114,2
DA:115,2
DA:118,2
LF:50
LH:50
end_of_record
